<?xml version="1.0" encoding="UTF-8"?>
<!-- Generated by org.testng.reporters.JUnitReportReporter -->
<testsuite hostname="DESKTOP-4V9HIF2" name="com.qa.tests.ArithematicTests" tests="4" failures="0" timestamp="27 Jan 2019 07:39:50 GMT" time="0.055" errors="0">
  <testcase name="div" time="0.047" classname="com.qa.tests.ArithematicTests"/>
  <testcase name="mult" time="0.004" classname="com.qa.tests.ArithematicTests"/>
  <testcase name="sum" time="0.002" classname="com.qa.tests.ArithematicTests"/>
  <testcase name="sub" time="0.002" classname="com.qa.tests.ArithematicTests"/>
</testsuite> <!-- com.qa.tests.ArithematicTests -->
